#
# There is insufficient memory for the Java Runtime Environment to continue.
# Native memory allocation (malloc) failed to allocate 32744 bytes for ChunkPool::allocate
# Possible reasons:
#   The system is out of physical RAM or swap space
#   In 32 bit mode, the process size limit was hit
# Possible solutions:
#   Reduce memory load on the system
#   Increase physical memory or swap space
#   Check if swap backing store is full
#   Use 64 bit Java on a 64 bit OS
#   Decrease Java heap size (-Xmx/-Xms)
#   Decrease number of Java threads
#   Decrease Java thread stack sizes (-Xss)
#   Set larger code cache with -XX:ReservedCodeCacheSize=
# This output file may be truncated or incomplete.
#
#  Out of Memory Error (allocation.cpp:273), pid=4324, tid=0x00000000000014e0
#
# JRE version: Java(TM) SE Runtime Environment (8.0_111-b14) (build 1.8.0_111-b14)
# Java VM: Java HotSpot(TM) 64-Bit Server VM (25.111-b14 mixed mode windows-amd64 compressed oops)
# Failed to write core dump. Minidumps are not enabled by default on client versions of Windows
#

---------------  T H R E A D  ---------------

Current thread (0x000000001394e800):  JavaThread "C1 CompilerThread1" daemon [_thread_in_native, id=5344, stack(0x0000000014a90000,0x0000000014b90000)]

Stack: [0x0000000014a90000,0x0000000014b90000]
[error occurred during error reporting (printing stack bounds), id 0xc0000005]

Native frames: (J=compiled Java code, j=interpreted, Vv=VM code, C=native code)


Current CompileTask:
C1:  52724 1017       3       jdk.internal.org.objectweb.asm.Frame::execute (2252 bytes)


---------------  P R O C E S S  ---------------

Java Threads: ( => current thread )
  0x0000000014e40000 JavaThread "Exec Stream Pumper" daemon [_thread_in_native, id=9072, stack(0x00000000163d0000,0x00000000164d0000)]
  0x0000000014e35000 JavaThread "Exec Stream Pumper" daemon [_thread_in_native, id=7660, stack(0x00000000162d0000,0x00000000163d0000)]
  0x0000000014e25000 JavaThread "Exec Default Executor" daemon [_thread_in_native, id=2608, stack(0x00000000160d0000,0x00000000161d0000)]
  0x0000000014e68000 JavaThread "surefire-forkedjvm-command-thread" daemon [_thread_in_native, id=868, stack(0x0000000015290000,0x0000000015390000)]
  0x0000000014ddc000 JavaThread "last-ditch-daemon-shutdown-thread-30sec" daemon [_thread_blocked, id=7792, stack(0x0000000015190000,0x0000000015290000)]
  0x00000000139b5000 JavaThread "Service Thread" daemon [_thread_blocked, id=4576, stack(0x0000000014b90000,0x0000000014c90000)]
=>0x000000001394e800 JavaThread "C1 CompilerThread1" daemon [_thread_in_native, id=5344, stack(0x0000000014a90000,0x0000000014b90000)]
  0x000000001394b800 JavaThread "C2 CompilerThread0" daemon [_thread_blocked, id=4520, stack(0x0000000014990000,0x0000000014a90000)]
  0x000000001394a000 JavaThread "Attach Listener" daemon [_thread_blocked, id=2960, stack(0x0000000014890000,0x0000000014990000)]
  0x0000000013947000 JavaThread "Signal Dispatcher" daemon [_thread_blocked, id=8176, stack(0x0000000014790000,0x0000000014890000)]
  0x0000000002836800 JavaThread "Finalizer" daemon [_thread_blocked, id=7744, stack(0x00000000145a0000,0x00000000146a0000)]
  0x000000000282c800 JavaThread "Reference Handler" daemon [_thread_blocked, id=4288, stack(0x00000000144a0000,0x00000000145a0000)]
  0x0000000002740800 JavaThread "Forwarding setTimeout on session 2d69b5b2-13a1-40f4-9d9c-71fde5690fca to remote" [_thread_in_vm, id=5632, stack(0x0000000002640000,0x0000000002740000)]

Other Threads:
  0x0000000013916800 VMThread [stack: 0x00000000143a0000,0x00000000144a0000] [id=392]
  0x00000000139ba000 WatcherThread [stack: 0x0000000014c90000,0x0000000014d90000] [id=8448]

VM state:not at safepoint (normal execution)

VM Mutex/Monitor currently owned by a thread: None

Heap:
 PSYoungGen      total 9728K, used 5669K [0x00000000f5d80000, 0x00000000f6d00000, 0x0000000100000000)
  eden space 8704K, 53% used [0x00000000f5d80000,0x00000000f620d780,0x00000000f6600000)
  from space 1024K, 98% used [0x00000000f6600000,0x00000000f66fc020,0x00000000f6700000)
  to   space 3584K, 0% used [0x00000000f6980000,0x00000000f6980000,0x00000000f6d00000)
 ParOldGen       total 22016K, used 7419K [0x00000000e1800000, 0x00000000e2d80000, 0x00000000f5d80000)
  object space 22016K, 33% used [0x00000000e1800000,0x00000000e1f3ec80,0x00000000e2d80000)
 Metaspace       used 13587K, capacity 13878K, committed 14208K, reserved 1060864K
  class space    used 1690K, capacity 1799K, committed 1920K, reserved 1048576K

Card table byte_map: [0x0000000011c00000,0x0000000011d00000] byte_map_base: 0x00000000114f4000

Marking Bits: (ParMarkBitMap*) 0x000000006e17a6c0
 Begin Bits: [0x0000000011fb0000, 0x0000000012750000)
 End Bits:   [0x0000000012750000, 0x0000000012ef0000)

Polling page: 0x0000000000900000

CodeCache: size=245760Kb used=3799Kb max_used=3808Kb free=241960Kb
 bounds [0x0000000002840000, 0x0000000002c00000, 0x0000000011840000]
 total_blobs=1389 nmethods=1023 adapters=280
 compilation: enabled

Compilation events (10 events):
Event: 52.689 Thread 0x000000001394e800 nmethod 1011 0x0000000002bf5bd0 code [0x0000000002bf5d20, 0x0000000002bf5e30]
Event: 52.689 Thread 0x000000001394e800 1012       1       java.lang.invoke.LambdaForm$BasicType::access$100 (5 bytes)
Event: 52.689 Thread 0x000000001394e800 nmethod 1012 0x0000000002bf5e90 code [0x0000000002bf5fe0, 0x0000000002bf60d0]
Event: 52.689 Thread 0x000000001394e800 1013       1       java.lang.invoke.LambdaForm$Name::access$000 (5 bytes)
Event: 52.690 Thread 0x000000001394e800 nmethod 1013 0x0000000002bf6150 code [0x0000000002bf62a0, 0x0000000002bf6390]
Event: 52.690 Thread 0x000000001394e800 1014       1       java.lang.invoke.LambdaForm$BasicType::basicTypeClass (5 bytes)
Event: 52.690 Thread 0x000000001394e800 nmethod 1014 0x0000000002bf6410 code [0x0000000002bf6560, 0x0000000002bf6670]
Event: 52.690 Thread 0x000000001394b800 1016       4       java.lang.StringBuilder::<init> (7 bytes)
Event: 52.691 Thread 0x000000001394e800 1017       3       jdk.internal.org.objectweb.asm.Frame::execute (2252 bytes)
Event: 52.692 Thread 0x000000001394b800 nmethod 1016 0x0000000002bf9550 code [0x0000000002bf96a0, 0x0000000002bf9798]

GC Heap History (10 events):
Event: 10.502 GC heap before
{Heap before GC invocations=1 (full 0):
 PSYoungGen      total 9728K, used 8704K [0x00000000f5d80000, 0x00000000f6800000, 0x0000000100000000)
  eden space 8704K, 100% used [0x00000000f5d80000,0x00000000f6600000,0x00000000f6600000)
  from space 1024K, 0% used [0x00000000f6700000,0x00000000f6700000,0x00000000f6800000)
  to   space 1024K, 0% used [0x00000000f6600000,0x00000000f6600000,0x00000000f6700000)
 ParOldGen       total 22016K, used 0K [0x00000000e1800000, 0x00000000e2d80000, 0x00000000f5d80000)
  object space 22016K, 0% used [0x00000000e1800000,0x00000000e1800000,0x00000000e2d80000)
 Metaspace       used 5113K, capacity 5524K, committed 5888K, reserved 1056768K
  class space    used 595K, capacity 656K, committed 768K, reserved 1048576K
Event: 10.512 GC heap after
Heap after GC invocations=1 (full 0):
 PSYoungGen      total 9728K, used 1014K [0x00000000f5d80000, 0x00000000f6800000, 0x0000000100000000)
  eden space 8704K, 0% used [0x00000000f5d80000,0x00000000f5d80000,0x00000000f6600000)
  from space 1024K, 99% used [0x00000000f6600000,0x00000000f66fdaf8,0x00000000f6700000)
  to   space 1024K, 0% used [0x00000000f6700000,0x00000000f6700000,0x00000000f6800000)
 ParOldGen       total 22016K, used 848K [0x00000000e1800000, 0x00000000e2d80000, 0x00000000f5d80000)
  object space 22016K, 3% used [0x00000000e1800000,0x00000000e18d4138,0x00000000e2d80000)
 Metaspace       used 5113K, capacity 5524K, committed 5888K, reserved 1056768K
  class space    used 595K, capacity 656K, committed 768K, reserved 1048576K
}
Event: 11.988 GC heap before
{Heap before GC invocations=2 (full 0):
 PSYoungGen      total 9728K, used 9718K [0x00000000f5d80000, 0x00000000f6800000, 0x0000000100000000)
  eden space 8704K, 100% used [0x00000000f5d80000,0x00000000f6600000,0x00000000f6600000)
  from space 1024K, 99% used [0x00000000f6600000,0x00000000f66fdaf8,0x00000000f6700000)
  to   space 1024K, 0% used [0x00000000f6700000,0x00000000f6700000,0x00000000f6800000)
 ParOldGen       total 22016K, used 848K [0x00000000e1800000, 0x00000000e2d80000, 0x00000000f5d80000)
  object space 22016K, 3% used [0x00000000e1800000,0x00000000e18d4138,0x00000000e2d80000)
 Metaspace       used 7127K, capacity 7236K, committed 7296K, reserved 1056768K
  class space    used 841K, capacity 880K, committed 896K, reserved 1048576K
Event: 11.998 GC heap after
Heap after GC invocations=2 (full 0):
 PSYoungGen      total 9728K, used 992K [0x00000000f5d80000, 0x00000000f6800000, 0x0000000100000000)
  eden space 8704K, 0% used [0x00000000f5d80000,0x00000000f5d80000,0x00000000f6600000)
  from space 1024K, 96% used [0x00000000f6700000,0x00000000f67f8020,0x00000000f6800000)
  to   space 1024K, 0% used [0x00000000f6600000,0x00000000f6600000,0x00000000f6700000)
 ParOldGen       total 22016K, used 2207K [0x00000000e1800000, 0x00000000e2d80000, 0x00000000f5d80000)
  object space 22016K, 10% used [0x00000000e1800000,0x00000000e1a27d30,0x00000000e2d80000)
 Metaspace       used 7127K, capacity 7236K, committed 7296K, reserved 1056768K
  class space    used 841K, capacity 880K, committed 896K, reserved 1048576K
}
Event: 13.895 GC heap before
{Heap before GC invocations=3 (full 0):
 PSYoungGen      total 9728K, used 9696K [0x00000000f5d80000, 0x00000000f6800000, 0x0000000100000000)
  eden space 8704K, 100% used [0x00000000f5d80000,0x00000000f6600000,0x00000000f6600000)
  from space 1024K, 96% used [0x00000000f6700000,0x00000000f67f8020,0x00000000f6800000)
  to   space 1024K, 0% used [0x00000000f6600000,0x00000000f6600000,0x00000000f6700000)
 ParOldGen       total 22016K, used 2207K [0x00000000e1800000, 0x00000000e2d80000, 0x00000000f5d80000)
  object space 22016K, 10% used [0x00000000e1800000,0x00000000e1a27d30,0x00000000e2d80000)
 Metaspace       used 9680K, capacity 9824K, committed 9984K, reserved 1058816K
  class space    used 1139K, capacity 1182K, committed 1280K, reserved 1048576K
Event: 13.908 GC heap after
Heap after GC invocations=3 (full 0):
 PSYoungGen      total 9728K, used 1008K [0x00000000f5d80000, 0x00000000f6800000, 0x0000000100000000)
  eden space 8704K, 0% used [0x00000000f5d80000,0x00000000f5d80000,0x00000000f6600000)
  from space 1024K, 98% used [0x00000000f6600000,0x00000000f66fc010,0x00000000f6700000)
  to   space 1024K, 0% used [0x00000000f6700000,0x00000000f6700000,0x00000000f6800000)
 ParOldGen       total 22016K, used 4109K [0x00000000e1800000, 0x00000000e2d80000, 0x00000000f5d80000)
  object space 22016K, 18% used [0x00000000e1800000,0x00000000e1c03710,0x00000000e2d80000)
 Metaspace       used 9680K, capacity 9824K, committed 9984K, reserved 1058816K
  class space    used 1139K, capacity 1182K, committed 1280K, reserved 1048576K
}
Event: 14.690 GC heap before
{Heap before GC invocations=4 (full 0):
 PSYoungGen      total 9728K, used 9712K [0x00000000f5d80000, 0x00000000f6800000, 0x0000000100000000)
  eden space 8704K, 100% used [0x00000000f5d80000,0x00000000f6600000,0x00000000f6600000)
  from space 1024K, 98% used [0x00000000f6600000,0x00000000f66fc010,0x00000000f6700000)
  to   space 1024K, 0% used [0x00000000f6700000,0x00000000f6700000,0x00000000f6800000)
 ParOldGen       total 22016K, used 4109K [0x00000000e1800000, 0x00000000e2d80000, 0x00000000f5d80000)
  object space 22016K, 18% used [0x00000000e1800000,0x00000000e1c03710,0x00000000e2d80000)
 Metaspace       used 10514K, capacity 10662K, committed 10880K, reserved 1058816K
  class space    used 1283K, capacity 1311K, committed 1408K, reserved 1048576K
Event: 14.710 GC heap after
Heap after GC invocations=4 (full 0):
 PSYoungGen      total 9728K, used 1008K [0x00000000f5d80000, 0x00000000f6800000, 0x0000000100000000)
  eden space 8704K, 0% used [0x00000000f5d80000,0x00000000f5d80000,0x00000000f6600000)
  from space 1024K, 98% used [0x00000000f6700000,0x00000000f67fc020,0x00000000f6800000)
  to   space 1024K, 0% used [0x00000000f6600000,0x00000000f6600000,0x00000000f6700000)
 ParOldGen       total 22016K, used 5793K [0x00000000e1800000, 0x00000000e2d80000, 0x00000000f5d80000)
  object space 22016K, 26% used [0x00000000e1800000,0x00000000e1da85c8,0x00000000e2d80000)
 Metaspace       used 10514K, capacity 10662K, committed 10880K, reserved 1058816K
  class space    used 1283K, capacity 1311K, committed 1408K, reserved 1048576K
}
Event: 16.535 GC heap before
{Heap before GC invocations=5 (full 0):
 PSYoungGen      total 9728K, used 9712K [0x00000000f5d80000, 0x00000000f6800000, 0x0000000100000000)
  eden space 8704K, 100% used [0x00000000f5d80000,0x00000000f6600000,0x00000000f6600000)
  from space 1024K, 98% used [0x00000000f6700000,0x00000000f67fc020,0x00000000f6800000)
  to   space 1024K, 0% used [0x00000000f6600000,0x00000000f6600000,0x00000000f6700000)
 ParOldGen       total 22016K, used 5793K [0x00000000e1800000, 0x00000000e2d80000, 0x00000000f5d80000)
  object space 22016K, 26% used [0x00000000e1800000,0x00000000e1da85c8,0x00000000e2d80000)
 Metaspace       used 12238K, capacity 12422K, committed 12672K, reserved 1060864K
  class space    used 1527K, capacity 1599K, committed 1664K, reserved 1048576K
Event: 16.556 GC heap after
Heap after GC invocations=5 (full 0):
 PSYoungGen      total 9728K, used 1008K [0x00000000f5d80000, 0x00000000f6d00000, 0x0000000100000000)
  eden space 8704K, 0% used [0x00000000f5d80000,0x00000000f5d80000,0x00000000f6600000)
  from space 1024K, 98% used [0x00000000f6600000,0x00000000f66fc020,0x00000000f6700000)
  to   space 3584K, 0% used [0x00000000f6980000,0x00000000f6980000,0x00000000f6d00000)
 ParOldGen       total 22016K, used 7419K [0x00000000e1800000, 0x00000000e2d80000, 0x00000000f5d80000)
  object space 22016K, 33% used [0x00000000e1800000,0x00000000e1f3ec80,0x00000000e2d80000)
 Metaspace       used 12238K, capacity 12422K, committed 12672K, reserved 1060864K
  class space    used 1527K, capacity 1599K, committed 1664K, reserved 1048576K
}

Deoptimization events (10 events):
Event: 9.890 Thread 0x0000000002740800 Uncommon trap: reason=unstable_if action=reinterpret pc=0x00000000029cc4e4 method=java.lang.String.indexOf([CII[CIII)I @ 3
Event: 11.195 Thread 0x0000000002740800 Uncommon trap: reason=unstable_if action=reinterpret pc=0x0000000002a5493c method=java.util.HashMap.getNode(ILjava/lang/Object;)Ljava/util/HashMap$Node; @ 129
Event: 11.206 Thread 0x0000000002740800 Uncommon trap: reason=unstable_if action=reinterpret pc=0x0000000002a42cf4 method=java.util.HashMap.getNode(ILjava/lang/Object;)Ljava/util/HashMap$Node; @ 129
Event: 12.284 Thread 0x0000000002740800 Uncommon trap: reason=unstable_if action=reinterpret pc=0x00000000029f1b60 method=sun.misc.MetaIndex.mayContain(Ljava/lang/String;)Z @ 38
Event: 13.227 Thread 0x0000000002740800 Uncommon trap: reason=unstable_if action=reinterpret pc=0x00000000029b5590 method=java.lang.String.startsWith(Ljava/lang/String;I)Z @ 25
Event: 14.735 Thread 0x0000000002740800 Uncommon trap: reason=unstable_if action=reinterpret pc=0x00000000029e27a8 method=java.lang.String.replace(CC)Ljava/lang/String; @ 2
Event: 14.740 Thread 0x0000000002740800 Uncommon trap: reason=unstable_if action=reinterpret pc=0x0000000002aedd9c method=java.lang.CharacterDataLatin1.digit(II)I @ 82
Event: 16.416 Thread 0x0000000002740800 Uncommon trap: reason=unstable_if action=reinterpret pc=0x0000000002bb4d5c method=java.util.regex.Pattern$BmpCharProperty.match(Ljava/util/regex/Matcher;ILjava/lang/CharSequence;)Z @ 34
Event: 16.838 Thread 0x0000000002740800 Uncommon trap: reason=unstable_if action=reinterpret pc=0x0000000002ae9b14 method=java.lang.CharacterDataLatin1.digit(II)I @ 82
Event: 16.864 Thread 0x0000000002740800 Uncommon trap: reason=unstable_if action=reinterpret pc=0x0000000002b9ed6c method=java.util.concurrent.ConcurrentHashMap.putVal(Ljava/lang/Object;Ljava/lang/Object;Z)Ljava/lang/Object; @ 181

Internal exceptions (10 events):
Event: 3.588 Thread 0x0000000002740800 Exception <a 'java/security/PrivilegedActionException'> (0x00000000f60a7ac0) thrown at [C:\re\workspace\8-2-build-windows-amd64-cygwin\jdk8u111\7883\hotspot\src\share\vm\prims\jvm.cpp, line 1386]
Event: 9.506 Thread 0x0000000002740800 Exception <a 'java/security/PrivilegedActionException'> (0x00000000f62c5cb0) thrown at [C:\re\workspace\8-2-build-windows-amd64-cygwin\jdk8u111\7883\hotspot\src\share\vm\prims\jvm.cpp, line 1386]
Event: 9.506 Thread 0x0000000002740800 Exception <a 'java/security/PrivilegedActionException'> (0x00000000f62c5ec0) thrown at [C:\re\workspace\8-2-build-windows-amd64-cygwin\jdk8u111\7883\hotspot\src\share\vm\prims\jvm.cpp, line 1386]
Event: 9.507 Thread 0x0000000002740800 Exception <a 'java/security/PrivilegedActionException'> (0x00000000f62c9da8) thrown at [C:\re\workspace\8-2-build-windows-amd64-cygwin\jdk8u111\7883\hotspot\src\share\vm\prims\jvm.cpp, line 1386]
Event: 9.507 Thread 0x0000000002740800 Exception <a 'java/security/PrivilegedActionException'> (0x00000000f62c9fb8) thrown at [C:\re\workspace\8-2-build-windows-amd64-cygwin\jdk8u111\7883\hotspot\src\share\vm\prims\jvm.cpp, line 1386]
Event: 12.468 Thread 0x0000000002740800 Exception <a 'java/lang/NoClassDefFoundError': org/apache/log4j/Priority> (0x00000000f6047af0) thrown at [C:\re\workspace\8-2-build-windows-amd64-cygwin\jdk8u111\7883\hotspot\src\share\vm\classfile\systemDictionary.cpp, line 199]
Event: 15.573 Thread 0x0000000002740800 Exception <a 'java/lang/ArrayIndexOutOfBoundsException'> (0x00000000f608acb0) thrown at [C:\re\workspace\8-2-build-windows-amd64-cygwin\jdk8u111\7883\hotspot\src\share\vm\runtime\sharedRuntime.cpp, line 605]
Event: 15.589 Thread 0x0000000002740800 Exception <a 'java/lang/ArrayIndexOutOfBoundsException'> (0x00000000f608c490) thrown at [C:\re\workspace\8-2-build-windows-amd64-cygwin\jdk8u111\7883\hotspot\src\share\vm\runtime\sharedRuntime.cpp, line 605]
Event: 15.594 Thread 0x0000000002740800 Exception <a 'java/lang/ArrayIndexOutOfBoundsException'> (0x00000000f608e2b0) thrown at [C:\re\workspace\8-2-build-windows-amd64-cygwin\jdk8u111\7883\hotspot\src\share\vm\runtime\sharedRuntime.cpp, line 605]
Event: 15.595 Thread 0x0000000002740800 Exception <a 'java/lang/ArrayIndexOutOfBoundsException'> (0x00000000f608f6d8) thrown at [C:\re\workspace\8-2-build-windows-amd64-cygwin\jdk8u111\7883\hotspot\src\share\vm\runtime\sharedRuntime.cpp, line 605]

Events (10 events):
Event: 52.596 loading class java/lang/invoke/MethodHandleImpl$AsVarargsCollector
Event: 52.597 loading class java/lang/invoke/DelegatingMethodHandle
Event: 52.598 loading class java/lang/invoke/DelegatingMethodHandle done
Event: 52.598 loading class java/lang/invoke/MethodHandleImpl$AsVarargsCollector done
Event: 52.599 loading class java/lang/invoke/WrongMethodTypeException
Event: 52.599 loading class java/lang/invoke/WrongMethodTypeException done
Event: 52.609 loading class java/lang/invoke/MethodHandleImpl$Lazy
Event: 52.610 loading class java/lang/invoke/MethodHandleImpl$Lazy done
Event: 52.612 loading class java/lang/invoke/MethodHandleImpl$IntrinsicMethodHandle
Event: 52.612 loading class java/lang/invoke/MethodHandleImpl$IntrinsicMethodHandle done


Dynamic libraries:
0x00007ff72a530000 - 0x00007ff72a567000 	C:\Program Files\Java\jdk1.8.0_111\jre\bin\java.exe
0x00007ffd90c60000 - 0x00007ffd90e21000 	C:\Windows\SYSTEM32\ntdll.dll
0x00007ffd8fce0000 - 0x00007ffd8fd8d000 	C:\Windows\system32\KERNEL32.DLL
0x00007ffd8d420000 - 0x00007ffd8d608000 	C:\Windows\system32\KERNELBASE.dll
0x00007ffd8fab0000 - 0x00007ffd8fb57000 	C:\Windows\system32\ADVAPI32.dll
0x00007ffd90bc0000 - 0x00007ffd90c5d000 	C:\Windows\system32\msvcrt.dll
0x00007ffd8fdf0000 - 0x00007ffd8fe4b000 	C:\Windows\system32\sechost.dll
0x00007ffd8f990000 - 0x00007ffd8faac000 	C:\Windows\system32\RPCRT4.dll
0x00007ffd8fb80000 - 0x00007ffd8fcd6000 	C:\Windows\system32\USER32.dll
0x00007ffd906e0000 - 0x00007ffd90866000 	C:\Windows\system32\GDI32.dll
0x00007ffd82b30000 - 0x00007ffd82da4000 	C:\Windows\WinSxS\amd64_microsoft.windows.common-controls_6595b64144ccf1df_6.0.10586.672_none_a2d6b3cea53ff843\COMCTL32.dll
0x00007ffd90870000 - 0x00007ffd90aed000 	C:\Windows\system32\combase.dll
0x00007ffd8d9a0000 - 0x00007ffd8da0a000 	C:\Windows\system32\bcryptPrimitives.dll
0x00007ffd8e210000 - 0x00007ffd8e24b000 	C:\Windows\system32\IMM32.DLL
0x000000006e200000 - 0x000000006e2d2000 	C:\Program Files\Java\jdk1.8.0_111\jre\bin\msvcr100.dll
0x000000006d960000 - 0x000000006e1fa000 	C:\Program Files\Java\jdk1.8.0_111\jre\bin\server\jvm.dll
0x00007ffd906d0000 - 0x00007ffd906d8000 	C:\Windows\system32\PSAPI.DLL
0x00007ffd870c0000 - 0x00007ffd870c9000 	C:\Windows\SYSTEM32\WSOCK32.dll
0x00007ffd8b420000 - 0x00007ffd8b443000 	C:\Windows\SYSTEM32\WINMM.dll
0x00007ffd81b70000 - 0x00007ffd81b7a000 	C:\Windows\SYSTEM32\VERSION.dll
0x00007ffd90af0000 - 0x00007ffd90b5b000 	C:\Windows\system32\WS2_32.dll
0x00007ffd8b3c0000 - 0x00007ffd8b3ec000 	C:\Windows\SYSTEM32\WINMMBASE.dll
0x00007ffd8d950000 - 0x00007ffd8d993000 	C:\Windows\system32\cfgmgr32.dll
0x000000006d950000 - 0x000000006d95f000 	C:\Program Files\Java\jdk1.8.0_111\jre\bin\verify.dll
0x000000006d920000 - 0x000000006d949000 	C:\Program Files\Java\jdk1.8.0_111\jre\bin\java.dll
0x000000006d900000 - 0x000000006d916000 	C:\Program Files\Java\jdk1.8.0_111\jre\bin\zip.dll
0x00007ffd8e2c0000 - 0x00007ffd8f81c000 	C:\Windows\system32\SHELL32.dll
0x00007ffd8da10000 - 0x00007ffd8e055000 	C:\Windows\system32\windows.storage.dll
0x00007ffd8fd90000 - 0x00007ffd8fde2000 	C:\Windows\system32\shlwapi.dll
0x00007ffd8d290000 - 0x00007ffd8d29f000 	C:\Windows\system32\kernel.appcore.dll
0x00007ffd8d870000 - 0x00007ffd8d925000 	C:\Windows\system32\shcore.dll
0x00007ffd8d2a0000 - 0x00007ffd8d2eb000 	C:\Windows\system32\powrprof.dll
0x00007ffd8d2f0000 - 0x00007ffd8d304000 	C:\Windows\system32\profapi.dll
0x00007ffd8cc00000 - 0x00007ffd8cc17000 	C:\Windows\SYSTEM32\CRYPTSP.dll
0x00007ffd8c890000 - 0x00007ffd8c8c4000 	C:\Windows\system32\rsaenh.dll
0x00007ffd8d1b0000 - 0x00007ffd8d1d9000 	C:\Windows\SYSTEM32\bcrypt.dll
0x00007ffd8c9e0000 - 0x00007ffd8c9ff000 	C:\Windows\SYSTEM32\USERENV.dll
0x00007ffd8d1a0000 - 0x00007ffd8d1ab000 	C:\Windows\SYSTEM32\CRYPTBASE.dll
0x000000006d8e0000 - 0x000000006d8fa000 	C:\Program Files\Java\jdk1.8.0_111\jre\bin\net.dll
0x00007ffd8cb50000 - 0x00007ffd8cbac000 	C:\Windows\system32\mswsock.dll
0x00007ffd83c20000 - 0x00007ffd83c58000 	C:\Windows\SYSTEM32\IPHLPAPI.DLL
0x00007ffd8fb60000 - 0x00007ffd8fb68000 	C:\Windows\system32\NSI.dll
0x00007ffd82690000 - 0x00007ffd826a6000 	C:\Windows\SYSTEM32\dhcpcsvc6.DLL
0x00007ffd83620000 - 0x00007ffd8363a000 	C:\Windows\SYSTEM32\dhcpcsvc.DLL
0x000000006d8c0000 - 0x000000006d8d1000 	C:\Program Files\Java\jdk1.8.0_111\jre\bin\nio.dll
0x00007ffd8ba50000 - 0x00007ffd8bafa000 	C:\Windows\SYSTEM32\DNSAPI.dll
0x00007ffd7bcf0000 - 0x00007ffd7bcfa000 	C:\Windows\System32\rasadhlp.dll
0x00007ffd83480000 - 0x00007ffd834e7000 	C:\Windows\System32\fwpuclnt.dll
0x000000006d890000 - 0x000000006d8b4000 	C:\Program Files\Java\jdk1.8.0_111\jre\bin\sunec.dll

VM Arguments:
java_command: C:\!_JAVA_!\workspace\MyGitHub\target\surefire\surefirebooter2065802683572231188.jar C:\!_JAVA_!\workspace\MyGitHub\target\surefire\surefire1170748049825413242tmp C:\!_JAVA_!\workspace\MyGitHub\target\surefire\surefire_02885089168884533335tmp
java_class_path (initial): C:\!_JAVA_!\workspace\MyGitHub\target\surefire\surefirebooter2065802683572231188.jar
Launcher Type: SUN_STANDARD

Environment Variables:
JAVA_HOME=C:\Program Files\Java\jdk1.8.0_111
PATH=C:/Program Files/Java/jre1.8.0_111/bin/server;C:/Program Files/Java/jre1.8.0_111/bin;C:/Program Files/Java/jre1.8.0_111/lib/amd64;C:\ProgramData\Oracle\Java\javapath;C:\Program Files (x86)\Intel\TXE Components\TCS\;C:\Program Files\Intel\TXE Components\TCS\;C:\Windows\system32;C:\Windows;C:\Windows\System32\Wbem;C:\Windows\System32\WindowsPowerShell\v1.0\;C:\Program Files\Intel\TXE Components\DAL\;C:\Program Files (x86)\Intel\TXE Components\DAL\;C:\Program Files\Intel\TXE Components\IPT\;C:\Program Files (x86)\Intel\TXE Components\IPT\;C:\Program Files\Intel\WiFi\bin\;C:\Program Files\Common Files\Intel\WirelessCommon\;C:\Program Files (x86)\Skype\Phone\;C:\Program Files\Java\jdk1.8.0_111\bin;C:\Program Files\MySQL\MySQL Utilities 1.6\;C:\maven\apache-maven-3.3.9-bin\apache-maven-3.3.9\bin;C:\Program Files\Git\cmd;C:\Users\user\Desktop;
USERNAME=user
OS=Windows_NT
PROCESSOR_IDENTIFIER=Intel64 Family 6 Model 76 Stepping 3, GenuineIntel



---------------  S Y S T E M  ---------------

OS: Windows 10.0 , 64 bit Build 10586 (10.0.10586.589)

CPU:total 2 (2 cores per cpu, 1 threads per core) family 6 model 76 stepping 3, cmov, cx8, fxsr, mmx, sse, sse2, sse3, ssse3, sse4.1, sse4.2, popcnt, aes, clmul, erms, 3dnowpref, tsc, tscinvbit

Memory: 4k page, physical 1992824k(49796k free), swap 5672052k(4224k free)

vm_info: Java HotSpot(TM) 64-Bit Server VM (25.111-b14) for windows-amd64 JRE (1.8.0_111-b14), built on Sep 22 2016 19:24:05 by "java_re" with MS VC++ 10.0 (VS2010)

time: Sun Mar 05 04:11:40 2017
elapsed time: 52 seconds (0d 0h 0m 52s)

